<?xml version="1.0" encoding="UTF-8"?>
<testsuite name="com.example.tv.ui.home.FocusMappingTest" tests="6" skipped="0" failures="0" errors="0" timestamp="2025-10-24T11:51:06.086Z" hostname="8622c9b54542" time="0.007">
  <properties/>
  <testcase name="2nd row to 1st row maps within bounds" classname="com.example.tv.ui.home.FocusMappingTest" time="0.005"/>
  <testcase name="4th row to 3rd row general mapping" classname="com.example.tv.ui.home.FocusMappingTest" time="0.001"/>
  <testcase name="2nd row to 1st row clamps when index exceeds" classname="com.example.tv.ui.home.FocusMappingTest" time="0.0"/>
  <testcase name="negative current index coerces to zero" classname="com.example.tv.ui.home.FocusMappingTest" time="0.001"/>
  <testcase name="3rd row to 2nd row general mapping" classname="com.example.tv.ui.home.FocusMappingTest" time="0.0"/>
  <testcase name="upper row empty returns -1" classname="com.example.tv.ui.home.FocusMappingTest" time="0.0"/>
  <system-out><![CDATA[]]></system-out>
  <system-err><![CDATA[]]></system-err>
</testsuite>
